<?xml version="1.0" encoding="UTF-8"?>
<testng-results ignored="0" total="1" passed="1" failed="0" skipped="0">
  <reporter-output>
  </reporter-output>
  <suite started-at="2024-05-02T16:12:32 IST" name="Default suite" finished-at="2024-05-02T16:13:06 IST" duration-ms="33481">
    <groups>
    </groups>
    <test started-at="2024-05-02T16:12:32 IST" name="Default test" finished-at="2024-05-02T16:13:06 IST" duration-ms="33481">
      <class name="test.testCases">
        <test-method is-config="true" signature="launchapplication()[pri:0, instance:test.testCases@4135c3b]" started-at="2024-05-02T16:12:32 IST" name="launchapplication" finished-at="2024-05-02T16:12:45 IST" duration-ms="13093" status="PASS">
          <reporter-output>
          </reporter-output>
        </test-method> <!-- launchapplication -->
        <test-method signature="testWorldPopulation1()[pri:0, instance:test.testCases@4135c3b]" started-at="2024-05-02T16:12:45 IST" name="testWorldPopulation1" finished-at="2024-05-02T16:13:06 IST" duration-ms="20235" status="PASS">
          <reporter-output>
          </reporter-output>
        </test-method> <!-- testWorldPopulation1 -->
      </class> <!-- test.testCases -->
    </test> <!-- Default test -->
  </suite> <!-- Default suite -->
</testng-results>
