<?xml version="1.0" encoding="UTF-8"?>
<!-- Generated by org.testng.reporters.JUnitXMLReporter -->
<testsuite ignored="0" hostname="HYDMBCP1656" failures="0" tests="4" name="Default test" time="6.548" errors="0" timestamp="2024-05-07T14:54:28 IST">
  <testcase classname="APITests.UserTest2" name="testCreateUser" time="4.35"/>
  <testcase classname="APITests.UserTest2" name="testGetUser" time="0.474"/>
  <testcase classname="APITests.UserTest2" name="testUpdateUser" time="1.048"/>
  <testcase classname="APITests.UserTest2" name="testDeleteUser" time="0.565"/>
</testsuite> <!-- Default test -->
